<?xml version="1.0" encoding="UTF-8"?>
<testsuite xmlns:xsi="http://www.w3.org/2001/XMLSchema-instance" xsi:noNamespaceSchemaLocation="https://maven.apache.org/surefire/maven-surefire-plugin/xsd/surefire-test-report.xsd" name="mylib.treesTest" time="0.001" tests="19" errors="0" skipped="0" failures="0">
  <properties>
[...]
</properties>
  <testcase name="testAVLConstructorWithNullNode" classname="mylib.treesTest" time="0"/>
  <testcase name="testAVLConstructorWithSingleNode" classname="mylib.treesTest" time="0"/>
  <testcase name="testDeleteLeafNode" classname="mylib.treesTest" time="0"/>
  <testcase name="testBSTconstructor" classname="mylib.treesTest" time="0"/>
  <testcase name="testBST" classname="mylib.treesTest" time="0"/>
  <testcase name="testBSTInsertionAndSearch" classname="mylib.treesTest" time="0"/>
  <testcase name="testGetRoot" classname="mylib.treesTest" time="0"/>
  <testcase name="testAVLInsertionAndSearch" classname="mylib.treesTest" time="0"/>
  <testcase name="testDeleteNodeWithTwoChildren" classname="mylib.treesTest" time="0"/>
  <testcase name="testDelete" classname="mylib.treesTest" time="0"/>
  <testcase name="testDeleteNonexistentNode" classname="mylib.treesTest" time="0.001"/>
  <testcase name="testInsert" classname="mylib.treesTest" time="0"/>
  <testcase name="testAVLRotation" classname="mylib.treesTest" time="0"/>
  <testcase name="testDeleteNodeWithOneChild" classname="mylib.treesTest" time="0"/>
  <testcase name="testSearch" classname="mylib.treesTest" time="0"/>
  <testcase name="testEmptyAVL" classname="mylib.treesTest" time="0"/>
  <testcase name="testEmptyBST" classname="mylib.treesTest" time="0"/>
  <testcase name="testInsertDuplicates" classname="mylib.treesTest" time="0"/>
  <testcase name="testSearchNonexistentNode" classname="mylib.treesTest" time="0"/>
</testsuite>